STL translation to Solid Edge
Date: Sunday,May 11,2025 03:33PM
Source File:C:\Users\mnepr\OneDrive\Desktop\Input\PackageESDP.stl
Author: Unknown
Organization: Unknown
Source System: DEX

Hardware:
Processor: 13th Gen Intel(R) Core(TM) i7-1355U
Operating System: Windows 10
Installed Memory: 15.69 GB

Software Information:
Parasolid Version: 37.0.118
PSBodyshop Version: 37.0.94
STL Adapter Version: 15.0.142
Solid Edge Version: 225.00.01.004 x64

STL Import Options
Heal Mesh Faults:Off
Make Base Feature:On
Enable Logging:On

Translation progress:
Translation process completed
Time required to translate:00 : 00 : 01
